app/build/intermediates/manifest_merge_blame_file/debug/processDebugMainManifest/manifest-merger-blame-debug-report.txt
1<?xml version="1.0" encoding="utf-8"?>
2<manifest xmlns:android="http://schemas.android.com/apk/res/android"
3    package="com.example.dogadoption"
4    android:versionCode="1"
5    android:versionName="1.0" >
6
7    <uses-sdk
8        android:minSdkVersion="26"
9        android:targetSdkVersion="35" />
10
11    <uses-permission android:name="android.permission.INTERNET" />
11-->src/main/AndroidManifest.xml:4:5-67
11-->src/main/AndroidManifest.xml:4:22-64
12    <uses-permission android:name="android.permission.ACCESS_FINE_LOCATION" />
12-->src/main/AndroidManifest.xml:5:5-79
12-->src/main/AndroidManifest.xml:5:22-76
13    <uses-permission android:name="android.permission.ACCESS_COARSE_LOCATION" />
13-->src/main/AndroidManifest.xml:6:5-81
13-->src/main/AndroidManifest.xml:6:22-78
14    <uses-permission android:name="android.permission.CAMERA" />
14-->src/main/AndroidManifest.xml:7:5-65
14-->src/main/AndroidManifest.xml:7:22-62
15
16    <uses-feature
16-->src/main/AndroidManifest.xml:9:5-11:36
17        android:name="android.hardware.camera"
17-->src/main/AndroidManifest.xml:10:9-47
18        android:required="false" />
18-->src/main/AndroidManifest.xml:11:9-33
19    <uses-feature
19-->src/main/AndroidManifest.xml:12:5-14:36
20        android:name="android.hardware.location.gps"
20-->src/main/AndroidManifest.xml:13:9-53
21        android:required="false" />
21-->src/main/AndroidManifest.xml:14:9-33
22
23    <permission
23-->[androidx.core:core:1.15.0] AndroidManifest.xml:22:5-24:47
24        android:name="com.example.dogadoption.DYNAMIC_RECEIVER_NOT_EXPORTED_PERMISSION"
24-->[androidx.core:core:1.15.0] AndroidManifest.xml:23:9-81
25        android:protectionLevel="signature" />
25-->[androidx.core:core:1.15.0] AndroidManifest.xml:24:9-44
26
27    <uses-permission android:name="com.example.dogadoption.DYNAMIC_RECEIVER_NOT_EXPORTED_PERMISSION" />
27-->[androidx.core:core:1.15.0] AndroidManifest.xml:26:5-97
27-->[androidx.core:core:1.15.0] AndroidManifest.xml:26:22-94
28
29    <application
29-->src/main/AndroidManifest.xml:16:5-46:19
30        android:name="com.example.dogadoption.DogAdoptionApplication"
30-->src/main/AndroidManifest.xml:17:9-47
31        android:allowBackup="true"
31-->src/main/AndroidManifest.xml:18:9-35
32        android:appComponentFactory="androidx.core.app.CoreComponentFactory"
32-->[androidx.core:core:1.15.0] AndroidManifest.xml:28:18-86
33        android:dataExtractionRules="@xml/backup_rules"
33-->src/main/AndroidManifest.xml:19:9-56
34        android:debuggable="true"
35        android:extractNativeLibs="false"
36        android:fullBackupContent="@xml/backup_rules"
36-->src/main/AndroidManifest.xml:20:9-54
37        android:icon="@mipmap/ic_launcher"
37-->src/main/AndroidManifest.xml:21:9-43
38        android:label="@string/app_name"
38-->src/main/AndroidManifest.xml:23:9-41
39        android:roundIcon="@mipmap/ic_launcher_round"
39-->src/main/AndroidManifest.xml:22:9-54
40        android:supportsRtl="true"
40-->src/main/AndroidManifest.xml:24:9-35
41        android:testOnly="true"
42        android:theme="@style/Theme.DogAdoption" >
42-->src/main/AndroidManifest.xml:25:9-49
43        <activity
43-->src/main/AndroidManifest.xml:27:9-34:20
44            android:name="com.example.dogadoption.MainActivity"
44-->src/main/AndroidManifest.xml:28:13-41
45            android:exported="true" >
45-->src/main/AndroidManifest.xml:29:13-36
46            <intent-filter>
46-->src/main/AndroidManifest.xml:30:13-33:29
47                <action android:name="android.intent.action.MAIN" />
47-->src/main/AndroidManifest.xml:31:17-69
47-->src/main/AndroidManifest.xml:31:25-66
48
49                <category android:name="android.intent.category.LAUNCHER" />
49-->src/main/AndroidManifest.xml:32:17-77
49-->src/main/AndroidManifest.xml:32:27-74
50            </intent-filter>
51        </activity>
52
53        <provider
54            android:name="androidx.core.content.FileProvider"
54-->src/main/AndroidManifest.xml:37:13-62
55            android:authorities="com.example.dogadoption.fileprovider"
55-->src/main/AndroidManifest.xml:38:13-64
56            android:exported="false"
56-->src/main/AndroidManifest.xml:39:13-37
57            android:grantUriPermissions="true" >
57-->src/main/AndroidManifest.xml:40:13-47
58            <meta-data
58-->src/main/AndroidManifest.xml:41:13-43:54
59                android:name="android.support.FILE_PROVIDER_PATHS"
59-->src/main/AndroidManifest.xml:42:17-67
60                android:resource="@xml/file_paths" />
60-->src/main/AndroidManifest.xml:43:17-51
61        </provider>
62
63        <activity
63-->[com.google.android.gms:play-services-base:18.5.0] AndroidManifest.xml:5:9-173
64            android:name="com.google.android.gms.common.api.GoogleApiActivity"
64-->[com.google.android.gms:play-services-base:18.5.0] AndroidManifest.xml:5:19-85
65            android:exported="false"
65-->[com.google.android.gms:play-services-base:18.5.0] AndroidManifest.xml:5:146-170
66            android:theme="@android:style/Theme.Translucent.NoTitleBar" />
66-->[com.google.android.gms:play-services-base:18.5.0] AndroidManifest.xml:5:86-145
67
68        <provider
68-->[androidx.emoji2:emoji2:1.3.0] AndroidManifest.xml:24:9-32:20
69            android:name="androidx.startup.InitializationProvider"
69-->[androidx.emoji2:emoji2:1.3.0] AndroidManifest.xml:25:13-67
70            android:authorities="com.example.dogadoption.androidx-startup"
70-->[androidx.emoji2:emoji2:1.3.0] AndroidManifest.xml:26:13-68
71            android:exported="false" >
71-->[androidx.emoji2:emoji2:1.3.0] AndroidManifest.xml:27:13-37
72            <meta-data
72-->[androidx.emoji2:emoji2:1.3.0] AndroidManifest.xml:29:13-31:52
73                android:name="androidx.emoji2.text.EmojiCompatInitializer"
73-->[androidx.emoji2:emoji2:1.3.0] AndroidManifest.xml:30:17-75
74                android:value="androidx.startup" />
74-->[androidx.emoji2:emoji2:1.3.0] AndroidManifest.xml:31:17-49
75            <meta-data
75-->[androidx.lifecycle:lifecycle-process:2.8.7] AndroidManifest.xml:29:13-31:52
76                android:name="androidx.lifecycle.ProcessLifecycleInitializer"
76-->[androidx.lifecycle:lifecycle-process:2.8.7] AndroidManifest.xml:30:17-78
77                android:value="androidx.startup" />
77-->[androidx.lifecycle:lifecycle-process:2.8.7] AndroidManifest.xml:31:17-49
78            <meta-data
78-->[androidx.profileinstaller:profileinstaller:1.4.0] AndroidManifest.xml:29:13-31:52
79                android:name="androidx.profileinstaller.ProfileInstallerInitializer"
79-->[androidx.profileinstaller:profileinstaller:1.4.0] AndroidManifest.xml:30:17-85
80                android:value="androidx.startup" />
80-->[androidx.profileinstaller:profileinstaller:1.4.0] AndroidManifest.xml:31:17-49
81        </provider>
82
83        <uses-library
83-->[androidx.window:window:1.0.0] AndroidManifest.xml:25:9-27:40
84            android:name="androidx.window.extensions"
84-->[androidx.window:window:1.0.0] AndroidManifest.xml:26:13-54
85            android:required="false" />
85-->[androidx.window:window:1.0.0] AndroidManifest.xml:27:13-37
86        <uses-library
86-->[androidx.window:window:1.0.0] AndroidManifest.xml:28:9-30:40
87            android:name="androidx.window.sidecar"
87-->[androidx.window:window:1.0.0] AndroidManifest.xml:29:13-51
88            android:required="false" />
88-->[androidx.window:window:1.0.0] AndroidManifest.xml:30:13-37
89
90        <service
90-->[androidx.room:room-runtime:2.6.1] AndroidManifest.xml:24:9-28:63
91            android:name="androidx.room.MultiInstanceInvalidationService"
91-->[androidx.room:room-runtime:2.6.1] AndroidManifest.xml:25:13-74
92            android:directBootAware="true"
92-->[androidx.room:room-runtime:2.6.1] AndroidManifest.xml:26:13-43
93            android:exported="false" />
93-->[androidx.room:room-runtime:2.6.1] AndroidManifest.xml:27:13-37
94
95        <meta-data
95-->[com.google.android.gms:play-services-basement:18.4.0] AndroidManifest.xml:6:9-122
96            android:name="com.google.android.gms.version"
96-->[com.google.android.gms:play-services-basement:18.4.0] AndroidManifest.xml:6:20-65
97            android:value="@integer/google_play_services_version" />
97-->[com.google.android.gms:play-services-basement:18.4.0] AndroidManifest.xml:6:66-119
98
99        <receiver
99-->[androidx.profileinstaller:profileinstaller:1.4.0] AndroidManifest.xml:34:9-52:20
100            android:name="androidx.profileinstaller.ProfileInstallReceiver"
100-->[androidx.profileinstaller:profileinstaller:1.4.0] AndroidManifest.xml:35:13-76
101            android:directBootAware="false"
101-->[androidx.profileinstaller:profileinstaller:1.4.0] AndroidManifest.xml:36:13-44
102            android:enabled="true"
102-->[androidx.profileinstaller:profileinstaller:1.4.0] AndroidManifest.xml:37:13-35
103            android:exported="true"
103-->[androidx.profileinstaller:profileinstaller:1.4.0] AndroidManifest.xml:38:13-36
104            android:permission="android.permission.DUMP" >
104-->[androidx.profileinstaller:profileinstaller:1.4.0] AndroidManifest.xml:39:13-57
105            <intent-filter>
105-->[androidx.profileinstaller:profileinstaller:1.4.0] AndroidManifest.xml:40:13-42:29
106                <action android:name="androidx.profileinstaller.action.INSTALL_PROFILE" />
106-->[androidx.profileinstaller:profileinstaller:1.4.0] AndroidManifest.xml:41:17-91
106-->[androidx.profileinstaller:profileinstaller:1.4.0] AndroidManifest.xml:41:25-88
107            </intent-filter>
108            <intent-filter>
108-->[androidx.profileinstaller:profileinstaller:1.4.0] AndroidManifest.xml:43:13-45:29
109                <action android:name="androidx.profileinstaller.action.SKIP_FILE" />
109-->[androidx.profileinstaller:profileinstaller:1.4.0] AndroidManifest.xml:44:17-85
109-->[androidx.profileinstaller:profileinstaller:1.4.0] AndroidManifest.xml:44:25-82
110            </intent-filter>
111            <intent-filter>
111-->[androidx.profileinstaller:profileinstaller:1.4.0] AndroidManifest.xml:46:13-48:29
112                <action android:name="androidx.profileinstaller.action.SAVE_PROFILE" />
112-->[androidx.profileinstaller:profileinstaller:1.4.0] AndroidManifest.xml:47:17-88
112-->[androidx.profileinstaller:profileinstaller:1.4.0] AndroidManifest.xml:47:25-85
113            </intent-filter>
114            <intent-filter>
114-->[androidx.profileinstaller:profileinstaller:1.4.0] AndroidManifest.xml:49:13-51:29
115                <action android:name="androidx.profileinstaller.action.BENCHMARK_OPERATION" />
115-->[androidx.profileinstaller:profileinstaller:1.4.0] AndroidManifest.xml:50:17-95
115-->[androidx.profileinstaller:profileinstaller:1.4.0] AndroidManifest.xml:50:25-92
116            </intent-filter>
117        </receiver>
118    </application>
119
120</manifest>